# JRE version: Java(TM) SE Runtime Environment (8.0_151-b12) (build 1.8.0_151-b12)
# Java VM: Java HotSpot(TM) 64-Bit Server VM (25.151-b12 mixed mode windows-amd64 compressed oops)
Heap:
 PSYoungGen      total 38400K, used 21359K [0x00000000f5600000, 0x00000000f8100000, 0x0000000100000000)
  eden space 34304K, 53% used [0x00000000f5600000,0x00000000f6806f40,0x00000000f7780000)
  from space 4096K, 70% used [0x00000000f7c00000,0x00000000f7ed50a8,0x00000000f8000000)
  to   space 4608K, 0% used [0x00000000f7780000,0x00000000f7780000,0x00000000f7c00000)
 ParOldGen       total 22016K, used 4207K [0x00000000e0200000, 0x00000000e1780000, 0x00000000f5600000)
  object space 22016K, 19% used [0x00000000e0200000,0x00000000e061bfe0,0x00000000e1780000)
 Metaspace       used 17057K, capacity 17352K, committed 17536K, reserved 1064960K
  class space    used 2558K, capacity 2665K, committed 2688K, reserved 1048576K
GC Heap History (10 events):
Event: 0.604 GC heap before
{Heap before GC invocations=2 (full 0):
 PSYoungGen      total 9728K, used 9257K [0x00000000f5600000, 0x00000000f6080000, 0x0000000100000000)
  eden space 8704K, 99% used [0x00000000f5600000,0x00000000f5e7f298,0x00000000f5e80000)
  from space 1024K, 54% used [0x00000000f5e80000,0x00000000f5f0b270,0x00000000f5f80000)
  to   space 1024K, 0% used [0x00000000f5f80000,0x00000000f5f80000,0x00000000f6080000)
 ParOldGen       total 22016K, used 8K [0x00000000e0200000, 0x00000000e1780000, 0x00000000f5600000)
  object space 22016K, 0% used [0x00000000e0200000,0x00000000e0202000,0x00000000e1780000)
 Metaspace       used 2708K, capacity 4486K, committed 4864K, reserved 1056768K
  class space    used 303K, capacity 386K, committed 512K, reserved 1048576K
Event: 0.607 GC heap after
Heap after GC invocations=2 (full 0):
 PSYoungGen      total 9728K, used 504K [0x00000000f5600000, 0x00000000f6900000, 0x0000000100000000)
  eden space 8704K, 0% used [0x00000000f5600000,0x00000000f5600000,0x00000000f5e80000)
  from space 1024K, 49% used [0x00000000f5f80000,0x00000000f5ffe2d8,0x00000000f6080000)
  to   space 1024K, 0% used [0x00000000f5e80000,0x00000000f5e80000,0x00000000f5f80000)
 ParOldGen       total 22016K, used 8K [0x00000000e0200000, 0x00000000e1780000, 0x00000000f5600000)
  object space 22016K, 0% used [0x00000000e0200000,0x00000000e0202000,0x00000000e1780000)
 Metaspace       used 2708K, capacity 4486K, committed 4864K, reserved 1056768K
  class space    used 303K, capacity 386K, committed 512K, reserved 1048576K
}
Event: 0.616 GC heap before
{Heap before GC invocations=3 (full 0):
 PSYoungGen      total 9728K, used 9181K [0x00000000f5600000, 0x00000000f6900000, 0x0000000100000000)
  eden space 8704K, 99% used [0x00000000f5600000,0x00000000f5e79488,0x00000000f5e80000)
  from space 1024K, 49% used [0x00000000f5f80000,0x00000000f5ffe2d8,0x00000000f6080000)
  to   space 1024K, 0% used [0x00000000f5e80000,0x00000000f5e80000,0x00000000f5f80000)
 ParOldGen       total 22016K, used 8K [0x00000000e0200000, 0x00000000e1780000, 0x00000000f5600000)
  object space 22016K, 0% used [0x00000000e0200000,0x00000000e0202000,0x00000000e1780000)
 Metaspace       used 2708K, capacity 4486K, committed 4864K, reserved 1056768K
  class space    used 303K, capacity 386K, committed 512K, reserved 1048576K
Event: 0.618 GC heap after
Heap after GC invocations=3 (full 0):
 PSYoungGen      total 9728K, used 516K [0x00000000f5600000, 0x00000000f6900000, 0x0000000100000000)
  eden space 8704K, 0% used [0x00000000f5600000,0x00000000f5600000,0x00000000f5e80000)
  from space 1024K, 50% used [0x00000000f5e80000,0x00000000f5f01178,0x00000000f5f80000)
  to   space 1024K, 0% used [0x00000000f6800000,0x00000000f6800000,0x00000000f6900000)
 ParOldGen       total 22016K, used 8K [0x00000000e0200000, 0x00000000e1780000, 0x00000000f5600000)
  object space 22016K, 0% used [0x00000000e0200000,0x00000000e0202000,0x00000000e1780000)
 Metaspace       used 2708K, capacity 4486K, committed 4864K, reserved 1056768K
  class space    used 303K, capacity 386K, committed 512K, reserved 1048576K
}
Event: 1.982 GC heap before
{Heap before GC invocations=4 (full 0):
 PSYoungGen      total 9728K, used 9220K [0x00000000f5600000, 0x00000000f6900000, 0x0000000100000000)
  eden space 8704K, 100% used [0x00000000f5600000,0x00000000f5e80000,0x00000000f5e80000)
  from space 1024K, 50% used [0x00000000f5e80000,0x00000000f5f01178,0x00000000f5f80000)
  to   space 1024K, 0% used [0x00000000f6800000,0x00000000f6800000,0x00000000f6900000)
 ParOldGen       total 22016K, used 8K [0x00000000e0200000, 0x00000000e1780000, 0x00000000f5600000)
  object space 22016K, 0% used [0x00000000e0200000,0x00000000e0202000,0x00000000e1780000)
 Metaspace       used 5443K, capacity 5862K, committed 6144K, reserved 1056768K
  class space    used 659K, capacity 726K, committed 768K, reserved 1048576K
Event: 1.985 GC heap after
Heap after GC invocations=4 (full 0):
 PSYoungGen      total 18432K, used 1012K [0x00000000f5600000, 0x00000000f6900000, 0x0000000100000000)
  eden space 17408K, 0% used [0x00000000f5600000,0x00000000f5600000,0x00000000f6700000)
  from space 1024K, 98% used [0x00000000f6800000,0x00000000f68fd0a8,0x00000000f6900000)
  to   space 1024K, 0% used [0x00000000f6700000,0x00000000f6700000,0x00000000f6800000)
 ParOldGen       total 22016K, used 727K [0x00000000e0200000, 0x00000000e1780000, 0x00000000f5600000)
  object space 22016K, 3% used [0x00000000e0200000,0x00000000e02b5d58,0x00000000e1780000)
 Metaspace       used 5443K, capacity 5862K, committed 6144K, reserved 1056768K
  class space    used 659K, capacity 726K, committed 768K, reserved 1048576K
}
Event: 5.114 GC heap before
{Heap before GC invocations=5 (full 0):
 PSYoungGen      total 18432K, used 18420K [0x00000000f5600000, 0x00000000f6900000, 0x0000000100000000)
  eden space 17408K, 100% used [0x00000000f5600000,0x00000000f6700000,0x00000000f6700000)
  from space 1024K, 98% used [0x00000000f6800000,0x00000000f68fd0a8,0x00000000f6900000)
  to   space 1024K, 0% used [0x00000000f6700000,0x00000000f6700000,0x00000000f6800000)
 ParOldGen       total 22016K, used 727K [0x00000000e0200000, 0x00000000e1780000, 0x00000000f5600000)
  object space 22016K, 3% used [0x00000000e0200000,0x00000000e02b5d58,0x00000000e1780000)
 Metaspace       used 12217K, capacity 12402K, committed 12800K, reserved 1060864K
  class space    used 1590K, capacity 1670K, committed 1792K, reserved 1048576K
Event: 5.126 GC heap after
Heap after GC invocations=5 (full 0):
 PSYoungGen      total 18432K, used 996K [0x00000000f5600000, 0x00000000f8000000, 0x0000000100000000)
  eden space 17408K, 0% used [0x00000000f5600000,0x00000000f5600000,0x00000000f6700000)
  from space 1024K, 97% used [0x00000000f6700000,0x00000000f67f9098,0x00000000f6800000)
  to   space 4096K, 0% used [0x00000000f7c00000,0x00000000f7c00000,0x00000000f8000000)
 ParOldGen       total 22016K, used 4207K [0x00000000e0200000, 0x00000000e1780000, 0x00000000f5600000)
  object space 22016K, 19% used [0x00000000e0200000,0x00000000e061bfe0,0x00000000e1780000)
 Metaspace       used 12217K, capacity 12402K, committed 12800K, reserved 1060864K
  class space    used 1590K, capacity 1670K, committed 1792K, reserved 1048576K
}
Event: 6.104 GC heap before
{Heap before GC invocations=6 (full 0):
 PSYoungGen      total 18432K, used 18404K [0x00000000f5600000, 0x00000000f8000000, 0x0000000100000000)
  eden space 17408K, 100% used [0x00000000f5600000,0x00000000f6700000,0x00000000f6700000)
  from space 1024K, 97% used [0x00000000f6700000,0x00000000f67f9098,0x00000000f6800000)
  to   space 4096K, 0% used [0x00000000f7c00000,0x00000000f7c00000,0x00000000f8000000)
 ParOldGen       total 22016K, used 4207K [0x00000000e0200000, 0x00000000e1780000, 0x00000000f5600000)
  object space 22016K, 19% used [0x00000000e0200000,0x00000000e061bfe0,0x00000000e1780000)
 Metaspace       used 13490K, capacity 13706K, committed 13824K, reserved 1060864K
  class space    used 1844K, capacity 1940K, committed 2048K, reserved 1048576K
Event: 6.141 GC heap after
Heap after GC invocations=6 (full 0):
 PSYoungGen      total 38400K, used 2900K [0x00000000f5600000, 0x00000000f8100000, 0x0000000100000000)
  eden space 34304K, 0% used [0x00000000f5600000,0x00000000f5600000,0x00000000f7780000)
  from space 4096K, 70% used [0x00000000f7c00000,0x00000000f7ed50a8,0x00000000f8000000)
  to   space 4608K, 0% used [0x00000000f7780000,0x00000000f7780000,0x00000000f7c00000)
 ParOldGen       total 22016K, used 4207K [0x00000000e0200000, 0x00000000e1780000, 0x00000000f5600000)
  object space 22016K, 19% used [0x00000000e0200000,0x00000000e061bfe0,0x00000000e1780000)
 Metaspace       used 13490K, capacity 13706K, committed 13824K, reserved 1060864K
  class space    used 1844K, capacity 1940K, committed 2048K, reserved 1048576K
}

